Using pre-set license
Built from '2020.3/staging' branch; Version is '2020.3.16f1 (049d6eca3c44) revision 302446'; Using compiler version '192528614'; Build Type 'Release'
OS: 'Windows 10 Home Single Language; OS build 19043.1237; Version 2009; 64bit' Language: 'es' Physical Memory: 16238 MB
BatchMode: 1, IsHumanControllingUs: 0, StartBugReporterOnCrash: 0, Is64bit: 1, IsPro: 0

 COMMAND LINE ARGUMENTS:
C:\Program Files\Unity\Hub\Editor\2020.3.16f1\Editor\Unity.exe
-adb2
-batchMode
-noUpm
-name
AssetImportWorker0
-projectPath
C:/Users/jorge/Documents/Unity/Projects/Tower Defense
-logFile
Logs/AssetImportWorker0.log
-srvPort
52618
Successfully changed project path to: C:/Users/jorge/Documents/Unity/Projects/Tower Defense
C:/Users/jorge/Documents/Unity/Projects/Tower Defense
Using Asset Import Pipeline V2.
Refreshing native plugins compatible for Editor in 46.92 ms, found 2 plugins.
Preloading 0 native plugins for Editor in 0.00 ms.
Initialize engine version: 2020.3.16f1 (049d6eca3c44)
[Subsystems] Discovering subsystems at path C:/Program Files/Unity/Hub/Editor/2020.3.16f1/Editor/Data/Resources/UnitySubsystems
[Subsystems] Discovering subsystems at path C:/Users/jorge/Documents/Unity/Projects/Tower Defense/Assets
GfxDevice: creating device client; threaded=0
Direct3D:
    Version:  Direct3D 11.0 [level 11.1]
    Renderer: NVIDIA GeForce GTX 1050 (ID=0x1c8d)
    Vendor:   
    VRAM:     4021 MB
    Driver:   30.0.14.7196
Initialize mono
Mono path[0] = 'C:/Program Files/Unity/Hub/Editor/2020.3.16f1/Editor/Data/Managed'
Mono path[1] = 'C:/Program Files/Unity/Hub/Editor/2020.3.16f1/Editor/Data/MonoBleedingEdge/lib/mono/unityjit'
Mono config path = 'C:/Program Files/Unity/Hub/Editor/2020.3.16f1/Editor/Data/MonoBleedingEdge/etc'
Using monoOptions --debugger-agent=transport=dt_socket,embedding=1,server=y,suspend=n,address=127.0.0.1:56688
Begin MonoManager ReloadAssembly
Registering precompiled unity dll's ...
Register platform support module: C:/Program Files/Unity/Hub/Editor/2020.3.16f1/Editor/Data/PlaybackEngines/WebGLSupport/UnityEditor.WebGL.Extensions.dll
Register platform support module: C:/Program Files/Unity/Hub/Editor/2020.3.16f1/Editor/Data/PlaybackEngines/WindowsStandaloneSupport/UnityEditor.WindowsStandalone.Extensions.dll
Registered in 0.002414 seconds.
Native extension for WindowsStandalone target not found
Native extension for WebGL target not found
Refreshing native plugins compatible for Editor in 32.34 ms, found 2 plugins.
Preloading 0 native plugins for Editor in 0.00 ms.
Mono: successfully reloaded assembly
- Completed reload, in  1.630 seconds
Domain Reload Profiling:
	ReloadAssembly (1630ms)
		BeginReloadAssembly (58ms)
			ExecutionOrderSort (0ms)
			DisableScriptedObjects (0ms)
			BackupInstance (0ms)
			ReleaseScriptingObjects (0ms)
			CreateAndSetChildDomain (1ms)
		EndReloadAssembly (547ms)
			LoadAssemblies (56ms)
			RebuildTransferFunctionScriptingTraits (0ms)
			SetupTypeCache (227ms)
			ReleaseScriptCaches (0ms)
			RebuildScriptCaches (49ms)
			SetupLoadedEditorAssemblies (201ms)
				LogAssemblyErrors (0ms)
				InitializePlatformSupportModulesInManaged (7ms)
				SetLoadedEditorAssemblies (0ms)
				RefreshPlugins (32ms)
				BeforeProcessingInitializeOnLoad (14ms)
				ProcessInitializeOnLoadAttributes (107ms)
				ProcessInitializeOnLoadMethodAttributes (41ms)
				AfterProcessingInitializeOnLoad (0ms)
				EditorAssembliesLoaded (0ms)
			ExecutionOrderSort2 (0ms)
			AwakeInstancesAfterBackupRestoration (0ms)
Platform modules already initialized, skipping
Registering precompiled user dll's ...
Registered in 0.004875 seconds.
Begin MonoManager ReloadAssembly
Native extension for WindowsStandalone target not found
Native extension for WebGL target not found
Refreshing native plugins compatible for Editor in 0.58 ms, found 2 plugins.
Preloading 0 native plugins for Editor in 0.00 ms.
Mono: successfully reloaded assembly
- Completed reload, in  2.233 seconds
Domain Reload Profiling:
	ReloadAssembly (2235ms)
		BeginReloadAssembly (240ms)
			ExecutionOrderSort (0ms)
			DisableScriptedObjects (9ms)
			BackupInstance (0ms)
			ReleaseScriptingObjects (0ms)
			CreateAndSetChildDomain (27ms)
		EndReloadAssembly (1880ms)
			LoadAssemblies (163ms)
			RebuildTransferFunctionScriptingTraits (0ms)
			SetupTypeCache (654ms)
			ReleaseScriptCaches (1ms)
			RebuildScriptCaches (95ms)
			SetupLoadedEditorAssemblies (715ms)
				LogAssemblyErrors (0ms)
				InitializePlatformSupportModulesInManaged (14ms)
				SetLoadedEditorAssemblies (1ms)
				RefreshPlugins (1ms)
				BeforeProcessingInitializeOnLoad (194ms)
				ProcessInitializeOnLoadAttributes (493ms)
				ProcessInitializeOnLoadMethodAttributes (6ms)
				AfterProcessingInitializeOnLoad (7ms)
				EditorAssembliesLoaded (0ms)
			ExecutionOrderSort2 (0ms)
			AwakeInstancesAfterBackupRestoration (10ms)
Platform modules already initialized, skipping
========================================================================
Worker process is ready to serve import requests
Launched and connected shader compiler UnityShaderCompiler.exe after 0.12 seconds
Refreshing native plugins compatible for Editor in 0.49 ms, found 2 plugins.
Preloading 0 native plugins for Editor in 0.00 ms.
Unloading 1413 Unused Serialized files (Serialized files now loaded: 0)
System memory in use before: 67.1 MB.
System memory in use after: 67.2 MB.

Unloading 18 unused Assets to reduce memory usage. Loaded Objects now: 1846.
Total: 5.248100 ms (FindLiveObjects: 0.195800 ms CreateObjectMapping: 0.063800 ms MarkObjects: 4.843100 ms  DeleteObjects: 0.143000 ms)

AssetImportParameters requested are different than current active one (requested -> active):
  custom:framework-win-MediaFoundation: 216162199b28c13a410421893ffa2e32 -> 
  custom:video-decoder-ogg-theora: a1e56fd34408186e4bbccfd4996cb3dc -> 
  custom:container-muxer-webm: aa71ff27fc2769a1b78a27578f13a17b -> 
  custom:container-demuxer-webm: 4f35f7cbe854078d1ac9338744f61a02 -> 
  custom:container-demuxer-ogg: 62fdf1f143b41e24485cea50d1cbac27 -> 
  custom:video-encoder-webm-vp8: eb34c28f22e8b96e1ab97ce403110664 -> 
  custom:video-decoder-webm-vp8: 9c59270c3fd7afecdb556c50c9e8de78 -> 
  custom:audio-decoder-ogg-vorbis: bf7c407c2cedff20999df2af8eb42d56 -> 
  custom:audio-encoder-webm-vorbis: bf7c407c2cedff20999df2af8eb42d56 -> 
========================================================================
Received Import Request.
  path: Assets/Scripts/EnemyMover.cs
  artifactKey: Guid(18564cee1def5a544a6ddad8c2b44d94) Importer(815301076,1909f56bfc062723c751e8b465ee728b)
Start importing Assets/Scripts/EnemyMover.cs using Guid(18564cee1def5a544a6ddad8c2b44d94) Importer(815301076,1909f56bfc062723c751e8b465ee728b)  -> (artifact id: 'f131b2d2e6f9cdd1fafc7b778d4c12c0') in 0.050099 seconds 
  Import took 0.053942 seconds .

========================================================================
Received Import Request.
  Time since last request: 131.521694 seconds.
  path: Assets/VoxelCastle/Models
  artifactKey: Guid(06cdbb83bf449b949b481f4e3754af14) Importer(815301076,1909f56bfc062723c751e8b465ee728b)
Start importing Assets/VoxelCastle/Models using Guid(06cdbb83bf449b949b481f4e3754af14) Importer(815301076,1909f56bfc062723c751e8b465ee728b)  -> (artifact id: '539992ddbdbebaefab03e0cc5cbe4d70') in 0.011342 seconds 
  Import took 0.015369 seconds .

========================================================================
Received Import Request.
  Time since last request: 0.756114 seconds.
  path: Assets/VoxelCastle/VoxelCastle Asset Preview.unity
  artifactKey: Guid(ae020a4d0fba7044d8674d303692ff7c) Importer(815301076,1909f56bfc062723c751e8b465ee728b)
Start importing Assets/VoxelCastle/VoxelCastle Asset Preview.unity using Guid(ae020a4d0fba7044d8674d303692ff7c) Importer(815301076,1909f56bfc062723c751e8b465ee728b)  -> (artifact id: 'b5a645641d3c2209ce76d8da1d4df934') in 0.023457 seconds 
  Import took 0.027211 seconds .

========================================================================
Received Import Request.
  Time since last request: 1.495721 seconds.
  path: Assets/VoxelCastle/Prefabs/Ballista.prefab
  artifactKey: Guid(8a965e088bae16643aab3d07ccfd5e2e) Importer(815301076,1909f56bfc062723c751e8b465ee728b)
Start importing Assets/VoxelCastle/Prefabs/Ballista.prefab using Guid(8a965e088bae16643aab3d07ccfd5e2e) Importer(815301076,1909f56bfc062723c751e8b465ee728b)  -> (artifact id: 'cfce8a47402160c40903aaddb79ee40a') in 0.102725 seconds 
  Import took 0.105264 seconds .

========================================================================
Received Import Request.
  Time since last request: 0.763396 seconds.
  path: Assets/VoxelCastle/Prefabs/Gate_1.prefab
  artifactKey: Guid(d0127103aeb54ed45b71e686472ac405) Importer(815301076,1909f56bfc062723c751e8b465ee728b)
Start importing Assets/VoxelCastle/Prefabs/Gate_1.prefab using Guid(d0127103aeb54ed45b71e686472ac405) Importer(815301076,1909f56bfc062723c751e8b465ee728b)  -> (artifact id: '01d605608d8922d8e78faf1bdf6f2c36') in 0.021369 seconds 
  Import took 0.024842 seconds .

========================================================================
Received Import Request.
  Time since last request: 0.004664 seconds.
  path: Assets/VoxelCastle/Prefabs/Gate_1.prefab
  artifactKey: Guid(d0127103aeb54ed45b71e686472ac405) Importer(815301076,1909f56bfc062723c751e8b465ee728b)
Start importing Assets/VoxelCastle/Prefabs/Gate_1.prefab using Guid(d0127103aeb54ed45b71e686472ac405) Importer(815301076,1909f56bfc062723c751e8b465ee728b)  -> (artifact id: '01d605608d8922d8e78faf1bdf6f2c36') in 0.011491 seconds 
  Import took 0.014798 seconds .

========================================================================
Received Import Request.
  Time since last request: 2.367866 seconds.
  path: Assets/VoxelCastle/Prefabs/Gate_2.prefab
  artifactKey: Guid(4c29e4de4a2bbfb4b8b0ef23411b4393) Importer(815301076,1909f56bfc062723c751e8b465ee728b)
Start importing Assets/VoxelCastle/Prefabs/Gate_2.prefab using Guid(4c29e4de4a2bbfb4b8b0ef23411b4393) Importer(815301076,1909f56bfc062723c751e8b465ee728b)  -> (artifact id: 'b998f097c3c6841b4bc888d0f8457cb5') in 0.019929 seconds 
  Import took 0.024841 seconds .

========================================================================
Received Import Request.
  Time since last request: 24.169180 seconds.
  path: Assets/Imported Assets
  artifactKey: Guid(a7435e803f85a3f4eb1cd8b5246fb1d4) Importer(815301076,1909f56bfc062723c751e8b465ee728b)
Start importing Assets/Imported Assets using Guid(a7435e803f85a3f4eb1cd8b5246fb1d4) Importer(815301076,1909f56bfc062723c751e8b465ee728b)  -> (artifact id: '6941187f1d8439b9d5ddee5e6bb44ec9') in 0.007349 seconds 
  Import took 0.010259 seconds .

========================================================================
Received Import Request.
  Time since last request: 1.839870 seconds.
  path: Assets/TextMesh Pro
  artifactKey: Guid(f54d1bd14bd3ca042bd867b519fee8cc) Importer(815301076,1909f56bfc062723c751e8b465ee728b)
Start importing Assets/TextMesh Pro using Guid(f54d1bd14bd3ca042bd867b519fee8cc) Importer(815301076,1909f56bfc062723c751e8b465ee728b)  -> (artifact id: '16b4cbde9565bf190136f1148817e1ea') in 0.008679 seconds 
  Import took 0.011961 seconds .

========================================================================
Received Import Request.
  Time since last request: 44.322828 seconds.
  path: Assets/Imported Assets/VoxelCastle
  artifactKey: Guid(cefb95726d83e364a8b05b45388fb745) Importer(815301076,1909f56bfc062723c751e8b465ee728b)
Start importing Assets/Imported Assets/VoxelCastle using Guid(cefb95726d83e364a8b05b45388fb745) Importer(815301076,1909f56bfc062723c751e8b465ee728b)  -> (artifact id: '05c81801f601641b738215c232f1548d') in 0.010650 seconds 
  Import took 0.014395 seconds .

========================================================================
Received Import Request.
  Time since last request: 0.908927 seconds.
  path: Assets/Imported Assets/VoxelCastle/Prefabs
  artifactKey: Guid(0810c18387c203643b2bc85ab582fdff) Importer(815301076,1909f56bfc062723c751e8b465ee728b)
Start importing Assets/Imported Assets/VoxelCastle/Prefabs using Guid(0810c18387c203643b2bc85ab582fdff) Importer(815301076,1909f56bfc062723c751e8b465ee728b)  -> (artifact id: 'f03792897d1bfc1cc2ad1413db1fa13b') in 0.010400 seconds 
  Import took 0.013833 seconds .

========================================================================
Received Import Request.
  Time since last request: 26.865261 seconds.
  path: Assets/Materials/EnemyMat.mat
  artifactKey: Guid(ded2e4aa2f2582a42b1b6db105bfb18d) Importer(815301076,1909f56bfc062723c751e8b465ee728b)
Start importing Assets/Materials/EnemyMat.mat using Guid(ded2e4aa2f2582a42b1b6db105bfb18d) Importer(815301076,1909f56bfc062723c751e8b465ee728b)  -> (artifact id: '96e48784ec14b655a64271817020fea8') in 0.052798 seconds 
  Import took 0.056096 seconds .

========================================================================
Received Import Request.
  Time since last request: 0.000347 seconds.
  path: Assets/Imported Assets/VoxelCastle/Models/Ballisa_Base.obj
  artifactKey: Guid(af50c4e21f0e9b9419ff00e3c39e7711) Importer(815301076,1909f56bfc062723c751e8b465ee728b)
Start importing Assets/Imported Assets/VoxelCastle/Models/Ballisa_Base.obj using Guid(af50c4e21f0e9b9419ff00e3c39e7711) Importer(815301076,1909f56bfc062723c751e8b465ee728b)  -> (artifact id: '2a168ef78ae30d76a6ed123f9d6ca376') in 0.103054 seconds 
  Import took 0.106687 seconds .

========================================================================
Received Import Request.
  Time since last request: 0.000393 seconds.
  path: Assets/Materials/EnemyMat.mat
  artifactKey: Guid(ded2e4aa2f2582a42b1b6db105bfb18d) Importer(815301076,1909f56bfc062723c751e8b465ee728b)
Start importing Assets/Materials/EnemyMat.mat using Guid(ded2e4aa2f2582a42b1b6db105bfb18d) Importer(815301076,1909f56bfc062723c751e8b465ee728b)  -> (artifact id: '96e48784ec14b655a64271817020fea8') in 0.015964 seconds 
  Import took 0.019227 seconds .

========================================================================
Received Import Request.
  Time since last request: 0.000319 seconds.
  path: Assets/Materials/GroundMat.mat
  artifactKey: Guid(1fe4776be07365848aba1cf0f4ad8c3d) Importer(815301076,1909f56bfc062723c751e8b465ee728b)
Start importing Assets/Materials/GroundMat.mat using Guid(1fe4776be07365848aba1cf0f4ad8c3d) Importer(815301076,1909f56bfc062723c751e8b465ee728b)  -> (artifact id: '727e04ba24c2552a0fbfc6354cf2fade') in 0.018189 seconds 
  Import took 0.021218 seconds .

========================================================================
Received Import Request.
  Time since last request: 1.286190 seconds.
  path: Assets/Imported Assets/VoxelCastle/Models/Ballisa_Top.obj
  artifactKey: Guid(18cfa8e197c1ff74292ed6ff0cc8b3f7) Importer(815301076,1909f56bfc062723c751e8b465ee728b)
Start importing Assets/Imported Assets/VoxelCastle/Models/Ballisa_Top.obj using Guid(18cfa8e197c1ff74292ed6ff0cc8b3f7) Importer(815301076,1909f56bfc062723c751e8b465ee728b)  -> (artifact id: '6dadeadb94bea21af0d3e71ce3ea3b81') in 0.047133 seconds 
  Import took 0.053019 seconds .

========================================================================
Received Import Request.
  Time since last request: 0.000461 seconds.
  path: Assets/Imported Assets/VoxelCastle/Models/Tree_Large.obj
  artifactKey: Guid(1c653cfa1a46c7248b5aa77ea7624db8) Importer(815301076,1909f56bfc062723c751e8b465ee728b)
Start importing Assets/Imported Assets/VoxelCastle/Models/Tree_Large.obj using Guid(1c653cfa1a46c7248b5aa77ea7624db8) Importer(815301076,1909f56bfc062723c751e8b465ee728b)  -> (artifact id: '0037635c105e5774093fb517db3f1548') in 0.039484 seconds 
  Import took 0.043743 seconds .

========================================================================
Received Import Request.
  Time since last request: 0.004068 seconds.
  path: Assets/Imported Assets/VoxelCastle/Models/Tree_Large.obj
  artifactKey: Guid(1c653cfa1a46c7248b5aa77ea7624db8) Importer(815301076,1909f56bfc062723c751e8b465ee728b)
Start importing Assets/Imported Assets/VoxelCastle/Models/Tree_Large.obj using Guid(1c653cfa1a46c7248b5aa77ea7624db8) Importer(815301076,1909f56bfc062723c751e8b465ee728b)  -> (artifact id: '0037635c105e5774093fb517db3f1548') in 0.041226 seconds 
  Import took 0.044666 seconds .

========================================================================
Received Import Request.
  Time since last request: 0.154032 seconds.
  path: Assets/Imported Assets/VoxelCastle/Models/Tree_Group.obj
  artifactKey: Guid(15e2400a7e78e4c429ba356f5934ca5a) Importer(815301076,1909f56bfc062723c751e8b465ee728b)
Start importing Assets/Imported Assets/VoxelCastle/Models/Tree_Group.obj using Guid(15e2400a7e78e4c429ba356f5934ca5a) Importer(815301076,1909f56bfc062723c751e8b465ee728b)  -> (artifact id: 'ea16a79db9af333b7ee5bdb83633b6d7') in 0.036306 seconds 
  Import took 0.039522 seconds .

========================================================================
Received Import Request.
  Time since last request: 0.000379 seconds.
  path: Assets/Imported Assets/VoxelCastle/Models/Grass.obj
  artifactKey: Guid(5076ba01f21af0c4daff73ab13dba476) Importer(815301076,1909f56bfc062723c751e8b465ee728b)
Start importing Assets/Imported Assets/VoxelCastle/Models/Grass.obj using Guid(5076ba01f21af0c4daff73ab13dba476) Importer(815301076,1909f56bfc062723c751e8b465ee728b)  -> (artifact id: '7e0678f34c6ec4d72f73164b219875f5') in 0.041825 seconds 
  Import took 0.044656 seconds .

========================================================================
Received Import Request.
  Time since last request: 4.150395 seconds.
  path: Assets/Imported Assets/VoxelCastle/Models/Ram.obj
  artifactKey: Guid(0eaf0955d0035664c87a3d4177a41887) Importer(815301076,1909f56bfc062723c751e8b465ee728b)
Start importing Assets/Imported Assets/VoxelCastle/Models/Ram.obj using Guid(0eaf0955d0035664c87a3d4177a41887) Importer(815301076,1909f56bfc062723c751e8b465ee728b)  -> (artifact id: '924037a60faf030bbbeca4011ad054f7') in 0.031948 seconds 
  Import took 0.035160 seconds .

========================================================================
Received Import Request.
  Time since last request: 0.000315 seconds.
  path: Assets/Imported Assets/VoxelCastle/Models/Bolt.obj
  artifactKey: Guid(77a5e84b782c81648b95ce756f4622a0) Importer(815301076,1909f56bfc062723c751e8b465ee728b)
Start importing Assets/Imported Assets/VoxelCastle/Models/Bolt.obj using Guid(77a5e84b782c81648b95ce756f4622a0) Importer(815301076,1909f56bfc062723c751e8b465ee728b)  -> (artifact id: 'a853611f9b17041a5e9ba2f9ba46c1b8') in 0.032714 seconds 
  Import took 0.035927 seconds .

========================================================================
Received Import Request.
  Time since last request: 9.283840 seconds.
  path: Assets/Imported Assets/VoxelCastle/Prefabs/Gate_2.prefab
  artifactKey: Guid(4c29e4de4a2bbfb4b8b0ef23411b4393) Importer(815301076,1909f56bfc062723c751e8b465ee728b)
Start importing Assets/Imported Assets/VoxelCastle/Prefabs/Gate_2.prefab using Guid(4c29e4de4a2bbfb4b8b0ef23411b4393) Importer(815301076,1909f56bfc062723c751e8b465ee728b)  -> (artifact id: '12c17c51886ecc5c00293ae294e29152') in 0.016696 seconds 
  Import took 0.019865 seconds .

========================================================================
Received Import Request.
  Time since last request: 539.610207 seconds.
  path: Assets/Imported Assets/VoxelCastle/Models/Wall_Straight.obj
  artifactKey: Guid(0c67890f22519734398ef6e81ae7288c) Importer(815301076,1909f56bfc062723c751e8b465ee728b)
Start importing Assets/Imported Assets/VoxelCastle/Models/Wall_Straight.obj using Guid(0c67890f22519734398ef6e81ae7288c) Importer(815301076,1909f56bfc062723c751e8b465ee728b)  -> (artifact id: '2cc9d6a1d68135b27fa86ccbfa178abb') in 0.033412 seconds 
  Import took 0.037618 seconds .

========================================================================
Received Import Request.
  Time since last request: 0.000384 seconds.
  path: Assets/Imported Assets/VoxelCastle/Models/Water_Open.obj
  artifactKey: Guid(a847eae99d42cdf49b01d8ca9f52e595) Importer(815301076,1909f56bfc062723c751e8b465ee728b)
Start importing Assets/Imported Assets/VoxelCastle/Models/Water_Open.obj using Guid(a847eae99d42cdf49b01d8ca9f52e595) Importer(815301076,1909f56bfc062723c751e8b465ee728b)  -> (artifact id: '21c2d0de2abe0fc65b57e89d716f8609') in 0.029896 seconds 
  Import took 0.032929 seconds .

========================================================================
Received Import Request.
  Time since last request: 0.000337 seconds.
  path: Assets/Imported Assets/VoxelCastle/Models/Wall_Straight.obj
  artifactKey: Guid(0c67890f22519734398ef6e81ae7288c) Importer(815301076,1909f56bfc062723c751e8b465ee728b)
Start importing Assets/Imported Assets/VoxelCastle/Models/Wall_Straight.obj using Guid(0c67890f22519734398ef6e81ae7288c) Importer(815301076,1909f56bfc062723c751e8b465ee728b)  -> (artifact id: '2cc9d6a1d68135b27fa86ccbfa178abb') in 0.029061 seconds 
  Import took 0.032012 seconds .

========================================================================
Received Import Request.
  Time since last request: 0.000339 seconds.
  path: Assets/Imported Assets/VoxelCastle/Models/Water_Open.obj
  artifactKey: Guid(a847eae99d42cdf49b01d8ca9f52e595) Importer(815301076,1909f56bfc062723c751e8b465ee728b)
Start importing Assets/Imported Assets/VoxelCastle/Models/Water_Open.obj using Guid(a847eae99d42cdf49b01d8ca9f52e595) Importer(815301076,1909f56bfc062723c751e8b465ee728b)  -> (artifact id: '21c2d0de2abe0fc65b57e89d716f8609') in 0.028383 seconds 
  Import took 0.031160 seconds .

========================================================================
Received Import Request.
  Time since last request: 17.625761 seconds.
  path: Assets/Imported Assets/VoxelCastle/Models/Gate_1.obj
  artifactKey: Guid(ed0d4b88051579a47a065eda53cf9480) Importer(815301076,1909f56bfc062723c751e8b465ee728b)
Start importing Assets/Imported Assets/VoxelCastle/Models/Gate_1.obj using Guid(ed0d4b88051579a47a065eda53cf9480) Importer(815301076,1909f56bfc062723c751e8b465ee728b)  -> (artifact id: '6bfdcd8108b30cd6aa6584b5cb6127e5') in 0.038732 seconds 
  Import took 0.042616 seconds .

========================================================================
Received Import Request.
  Time since last request: 8.610182 seconds.
  path: Assets/Imported Assets/VoxelCastle/Models/Gate_2.obj
  artifactKey: Guid(a592389a4cc504149996122820b6be3d) Importer(815301076,1909f56bfc062723c751e8b465ee728b)
Start importing Assets/Imported Assets/VoxelCastle/Models/Gate_2.obj using Guid(a592389a4cc504149996122820b6be3d) Importer(815301076,1909f56bfc062723c751e8b465ee728b)  -> (artifact id: '5b45e106d4583cbdea46f5e4fe6625ae') in 0.041365 seconds 
  Import took 0.044749 seconds .

========================================================================
Received Import Request.
  Time since last request: 0.686472 seconds.
  path: Assets/Imported Assets/VoxelCastle/Models/Road_Corner.obj
  artifactKey: Guid(626410dc07212d749823da2540a223bb) Importer(815301076,1909f56bfc062723c751e8b465ee728b)
Start importing Assets/Imported Assets/VoxelCastle/Models/Road_Corner.obj using Guid(626410dc07212d749823da2540a223bb) Importer(815301076,1909f56bfc062723c751e8b465ee728b)  -> (artifact id: '7f4ab026e2cdf0df5c28b297b3867f19') in 0.042639 seconds 
  Import took 0.046053 seconds .

========================================================================
Received Import Request.
  Time since last request: 16.577498 seconds.
  path: Assets/Imported Assets/VoxelCastle/Prefabs/Tree_Group.prefab
  artifactKey: Guid(7fb8d74871fa9c74cab9389cd54e2860) Importer(815301076,1909f56bfc062723c751e8b465ee728b)
Start importing Assets/Imported Assets/VoxelCastle/Prefabs/Tree_Group.prefab using Guid(7fb8d74871fa9c74cab9389cd54e2860) Importer(815301076,1909f56bfc062723c751e8b465ee728b)  -> (artifact id: 'ca3336e82f637a6b329d2e454cec38a5') in 0.019155 seconds 
  Import took 0.023219 seconds .

========================================================================
Received Import Request.
  Time since last request: 35.105604 seconds.
  path: Assets/Prefabs/(0, 0).prefab
  artifactKey: Guid(5f2ebe7b29fc1474caef4c74f7f376d7) Importer(815301076,1909f56bfc062723c751e8b465ee728b)
Start importing Assets/Prefabs/(0, 0).prefab using Guid(5f2ebe7b29fc1474caef4c74f7f376d7) Importer(815301076,1909f56bfc062723c751e8b465ee728b)  -> (artifact id: '1b58aa88504e1740776f492547f0e6d0') in 0.093859 seconds 
  Import took 0.097050 seconds .

========================================================================
Received Import Request.
  Time since last request: 7.075721 seconds.
  path: Assets/Prefabs/Tile.prefab
  artifactKey: Guid(5f2ebe7b29fc1474caef4c74f7f376d7) Importer(815301076,1909f56bfc062723c751e8b465ee728b)
Start importing Assets/Prefabs/Tile.prefab using Guid(5f2ebe7b29fc1474caef4c74f7f376d7) Importer(815301076,1909f56bfc062723c751e8b465ee728b)  -> (artifact id: '9d3247c39f10b370532d37fd3834a9b8') in 0.053349 seconds 
  Import took 0.056841 seconds .

========================================================================
Received Import Request.
  Time since last request: 21.968390 seconds.
  path: Assets/Prefabs/Tile_RoadStraight.prefab
  artifactKey: Guid(4946cca9a033dfa45ba410f5295dbed1) Importer(815301076,1909f56bfc062723c751e8b465ee728b)
Start importing Assets/Prefabs/Tile_RoadStraight.prefab using Guid(4946cca9a033dfa45ba410f5295dbed1) Importer(815301076,1909f56bfc062723c751e8b465ee728b)  -> (artifact id: 'cddf5f2d1db2d2cf672dbcb6f4570096') in 0.048792 seconds 
  Import took 0.052507 seconds .

========================================================================
Received Import Request.
  Time since last request: 24.308692 seconds.
  path: Assets/Imported Assets/VoxelCastle/Models/Shore_1.obj
  artifactKey: Guid(188ea90cdfe6c634eb85f7a132fcebeb) Importer(815301076,1909f56bfc062723c751e8b465ee728b)
Start importing Assets/Imported Assets/VoxelCastle/Models/Shore_1.obj using Guid(188ea90cdfe6c634eb85f7a132fcebeb) Importer(815301076,1909f56bfc062723c751e8b465ee728b)  -> (artifact id: '65b01b1e9d6c506165269570044714a5') in 0.042227 seconds 
  Import took 0.047536 seconds .

========================================================================
Received Import Request.
  Time since last request: 0.000278 seconds.
  path: Assets/Imported Assets/VoxelCastle/Models/Road_Straight.obj
  artifactKey: Guid(e618ab8e55a3ed942a408f4d1b7f896e) Importer(815301076,1909f56bfc062723c751e8b465ee728b)
Start importing Assets/Imported Assets/VoxelCastle/Models/Road_Straight.obj using Guid(e618ab8e55a3ed942a408f4d1b7f896e) Importer(815301076,1909f56bfc062723c751e8b465ee728b)  -> (artifact id: '64c0381c128bb950df3ab151fb96639a') in 0.035009 seconds 
  Import took 0.038612 seconds .

========================================================================
Received Import Request.
  Time since last request: 0.007983 seconds.
  path: Assets/Imported Assets/VoxelCastle/Models/Road_Straight.obj
  artifactKey: Guid(e618ab8e55a3ed942a408f4d1b7f896e) Importer(815301076,1909f56bfc062723c751e8b465ee728b)
Start importing Assets/Imported Assets/VoxelCastle/Models/Road_Straight.obj using Guid(e618ab8e55a3ed942a408f4d1b7f896e) Importer(815301076,1909f56bfc062723c751e8b465ee728b)  -> (artifact id: '64c0381c128bb950df3ab151fb96639a') in 0.045012 seconds 
  Import took 0.049151 seconds .

========================================================================
Received Import Request.
  Time since last request: 6.436943 seconds.
  path: Assets/Imported Assets/VoxelCastle/Models/Shore_3.obj
  artifactKey: Guid(fa1397209d9adee4db5f8a2bba8327f0) Importer(815301076,1909f56bfc062723c751e8b465ee728b)
Start importing Assets/Imported Assets/VoxelCastle/Models/Shore_3.obj using Guid(fa1397209d9adee4db5f8a2bba8327f0) Importer(815301076,1909f56bfc062723c751e8b465ee728b)  -> (artifact id: '42820e839742ef1ecf4e0e1723bc9cf5') in 0.040190 seconds 
  Import took 0.043960 seconds .

========================================================================
Received Import Request.
  Time since last request: 0.000307 seconds.
  path: Assets/Imported Assets/VoxelCastle/Models/Shore_2.obj
  artifactKey: Guid(cdf72d6b092b7d74cbcba07dd2c5aa58) Importer(815301076,1909f56bfc062723c751e8b465ee728b)
Start importing Assets/Imported Assets/VoxelCastle/Models/Shore_2.obj using Guid(cdf72d6b092b7d74cbcba07dd2c5aa58) Importer(815301076,1909f56bfc062723c751e8b465ee728b)  -> (artifact id: 'e766d8e38cdf2e9edfec0e0d96366c8e') in 0.029515 seconds 
  Import took 0.032793 seconds .

========================================================================
Received Import Request.
  Time since last request: 33.373804 seconds.
  path: Assets/Prefabs/Tile_RoadCorner.prefab
  artifactKey: Guid(cfd7cf6de3b29ba42862cc91ade9b98a) Importer(815301076,1909f56bfc062723c751e8b465ee728b)
Start importing Assets/Prefabs/Tile_RoadCorner.prefab using Guid(cfd7cf6de3b29ba42862cc91ade9b98a) Importer(815301076,1909f56bfc062723c751e8b465ee728b)  -> (artifact id: 'c62c44d1eb5dcfc08bc3d3cdf59b08ec') in 0.050887 seconds 
  Import took 0.054188 seconds .

========================================================================
Received Import Request.
  Time since last request: 40.712426 seconds.
  path: Assets/Scenes
  artifactKey: Guid(f6b4b9704409d1047a4e74623ee72d8c) Importer(815301076,1909f56bfc062723c751e8b465ee728b)
Start importing Assets/Scenes using Guid(f6b4b9704409d1047a4e74623ee72d8c) Importer(815301076,1909f56bfc062723c751e8b465ee728b)  -> (artifact id: 'cbd5a74b17960f43e0e677b75becd8ec') in 0.008224 seconds 
  Import took 0.011405 seconds .

========================================================================
Received Import Request.
  Time since last request: 0.906041 seconds.
  path: Assets/Prefabs/Tile_RoadStraight.prefab
  artifactKey: Guid(4946cca9a033dfa45ba410f5295dbed1) Importer(815301076,1909f56bfc062723c751e8b465ee728b)
Start importing Assets/Prefabs/Tile_RoadStraight.prefab using Guid(4946cca9a033dfa45ba410f5295dbed1) Importer(815301076,1909f56bfc062723c751e8b465ee728b)  -> (artifact id: '7fe13dd22fdeeb21a3fdbe31e749483e') in 0.063973 seconds 
  Import took 0.067780 seconds .

========================================================================
Received Import Request.
  Time since last request: 23.341305 seconds.
  path: Assets/Prefabs/Tile_RoadCorner.prefab
  artifactKey: Guid(cfd7cf6de3b29ba42862cc91ade9b98a) Importer(815301076,1909f56bfc062723c751e8b465ee728b)
Start importing Assets/Prefabs/Tile_RoadCorner.prefab using Guid(cfd7cf6de3b29ba42862cc91ade9b98a) Importer(815301076,1909f56bfc062723c751e8b465ee728b)  -> (artifact id: '722734ec693870c0c0a94e62615adee3') in 0.046484 seconds 
  Import took 0.049896 seconds .

========================================================================
Received Import Request.
  Time since last request: 626.261263 seconds.
  path: Assets/Prefabs/Tile_RoadCorner90.prefab
  artifactKey: Guid(b38784ced01f3484b8e52baec35f87e0) Importer(815301076,1909f56bfc062723c751e8b465ee728b)
Start importing Assets/Prefabs/Tile_RoadCorner90.prefab using Guid(b38784ced01f3484b8e52baec35f87e0) Importer(815301076,1909f56bfc062723c751e8b465ee728b)  -> (artifact id: '00d2df744bf02990e46fd6db9bb5d1c3') in 0.058711 seconds 
  Import took 0.062490 seconds .

========================================================================
Received Import Request.
  Time since last request: 19.677962 seconds.
  path: Assets/Prefabs/Tile_RoadCorner180.prefab
  artifactKey: Guid(a005f3dc64c61f34a8f1c4bb620b402c) Importer(815301076,1909f56bfc062723c751e8b465ee728b)
Start importing Assets/Prefabs/Tile_RoadCorner180.prefab using Guid(a005f3dc64c61f34a8f1c4bb620b402c) Importer(815301076,1909f56bfc062723c751e8b465ee728b)  -> (artifact id: '63b2e6ef544491b553f7f4b063d338b9') in 0.049852 seconds 
  Import took 0.053122 seconds .

========================================================================
Received Import Request.
  Time since last request: 10.996837 seconds.
  path: Assets/Prefabs/Tile_RoadCorner270.prefab
  artifactKey: Guid(373fdd6df43b20348b3ab5542ab98fac) Importer(815301076,1909f56bfc062723c751e8b465ee728b)
Start importing Assets/Prefabs/Tile_RoadCorner270.prefab using Guid(373fdd6df43b20348b3ab5542ab98fac) Importer(815301076,1909f56bfc062723c751e8b465ee728b)  -> (artifact id: 'f1ed7f5e5a043c3c96b2e1be5e3523f9') in 0.049420 seconds 
  Import took 0.053643 seconds .

========================================================================
Received Import Request.
  Time since last request: 8.702513 seconds.
  path: Assets/Prefabs/Tile_RoadCorner90.prefab
  artifactKey: Guid(b38784ced01f3484b8e52baec35f87e0) Importer(815301076,1909f56bfc062723c751e8b465ee728b)
Start importing Assets/Prefabs/Tile_RoadCorner90.prefab using Guid(b38784ced01f3484b8e52baec35f87e0) Importer(815301076,1909f56bfc062723c751e8b465ee728b)  -> (artifact id: '848ab845cb480b4a2d7e2a01ed306fdb') in 0.046353 seconds 
  Import took 0.050227 seconds .

========================================================================
Received Import Request.
  Time since last request: 24.139788 seconds.
  path: Assets/Prefabs/Tile_RoadStraight90.prefab
  artifactKey: Guid(a88a1e31e52fae54ca00a6118daf304e) Importer(815301076,1909f56bfc062723c751e8b465ee728b)
Start importing Assets/Prefabs/Tile_RoadStraight90.prefab using Guid(a88a1e31e52fae54ca00a6118daf304e) Importer(815301076,1909f56bfc062723c751e8b465ee728b)  -> (artifact id: 'c030c9090071133179fee0d7213b0014') in 0.049067 seconds 
  Import took 0.052797 seconds .

========================================================================
Received Import Request.
  Time since last request: 491.497243 seconds.
  path: Assets/Prefabs/Tile_RoadCorner180.prefab
  artifactKey: Guid(a005f3dc64c61f34a8f1c4bb620b402c) Importer(815301076,1909f56bfc062723c751e8b465ee728b)
Start importing Assets/Prefabs/Tile_RoadCorner180.prefab using Guid(a005f3dc64c61f34a8f1c4bb620b402c) Importer(815301076,1909f56bfc062723c751e8b465ee728b)  -> (artifact id: '67766c3c73451097337e7c97f86711bc') in 0.051081 seconds 
  Import took 0.055950 seconds .

========================================================================
Received Import Request.
  Time since last request: 18.657217 seconds.
  path: Assets/Prefabs/Tile_RoadCorner270.prefab
  artifactKey: Guid(373fdd6df43b20348b3ab5542ab98fac) Importer(815301076,1909f56bfc062723c751e8b465ee728b)
Start importing Assets/Prefabs/Tile_RoadCorner270.prefab using Guid(373fdd6df43b20348b3ab5542ab98fac) Importer(815301076,1909f56bfc062723c751e8b465ee728b)  -> (artifact id: 'af8ea908d768ab3300fdb3933ab76b52') in 0.051472 seconds 
  Import took 0.055064 seconds .

========================================================================
Received Import Request.
  Time since last request: 12.549030 seconds.
  path: Assets/Prefabs/Tile_RoadStraight90.prefab
  artifactKey: Guid(a88a1e31e52fae54ca00a6118daf304e) Importer(815301076,1909f56bfc062723c751e8b465ee728b)
Start importing Assets/Prefabs/Tile_RoadStraight90.prefab using Guid(a88a1e31e52fae54ca00a6118daf304e) Importer(815301076,1909f56bfc062723c751e8b465ee728b)  -> (artifact id: '6c1e3209a00efb0f112fa7b007ab9057') in 0.045420 seconds 
  Import took 0.049150 seconds .

========================================================================
Received Import Request.
  Time since last request: 13.833428 seconds.
  path: Assets/Prefabs/Tile_RoadCorner90.prefab
  artifactKey: Guid(b38784ced01f3484b8e52baec35f87e0) Importer(815301076,1909f56bfc062723c751e8b465ee728b)
Start importing Assets/Prefabs/Tile_RoadCorner90.prefab using Guid(b38784ced01f3484b8e52baec35f87e0) Importer(815301076,1909f56bfc062723c751e8b465ee728b)  -> (artifact id: '2aa4e323a5d4fb26fe534a12c79a958c') in 0.042266 seconds 
  Import took 0.045744 seconds .

========================================================================
Received Import Request.
  Time since last request: 49.282381 seconds.
  path: Assets/Prefabs/Tile_RoadCorner180.prefab
  artifactKey: Guid(a005f3dc64c61f34a8f1c4bb620b402c) Importer(815301076,1909f56bfc062723c751e8b465ee728b)
Start importing Assets/Prefabs/Tile_RoadCorner180.prefab using Guid(a005f3dc64c61f34a8f1c4bb620b402c) Importer(815301076,1909f56bfc062723c751e8b465ee728b)  -> (artifact id: 'e1d82de43875a8b5d14e4f00c30df9a5') in 0.051010 seconds 
  Import took 0.054703 seconds .

========================================================================
Received Import Request.
  Time since last request: 26.787532 seconds.
  path: Assets/Prefabs/Tile_RoadCorner270.prefab
  artifactKey: Guid(373fdd6df43b20348b3ab5542ab98fac) Importer(815301076,1909f56bfc062723c751e8b465ee728b)
Start importing Assets/Prefabs/Tile_RoadCorner270.prefab using Guid(373fdd6df43b20348b3ab5542ab98fac) Importer(815301076,1909f56bfc062723c751e8b465ee728b)  -> (artifact id: 'ff075f795bd08041c6f026f2bd068056') in 0.049515 seconds 
  Import took 0.054416 seconds .

========================================================================
Received Prepare
Registering precompiled user dll's ...
Registered in 0.003931 seconds.
Begin MonoManager ReloadAssembly
Native extension for WindowsStandalone target not found
Native extension for WebGL target not found
Refreshing native plugins compatible for Editor in 0.36 ms, found 2 plugins.
Preloading 0 native plugins for Editor in 0.00 ms.
Mono: successfully reloaded assembly
- Completed reload, in  1.078 seconds
Domain Reload Profiling:
	ReloadAssembly (1079ms)
		BeginReloadAssembly (124ms)
			ExecutionOrderSort (0ms)
			DisableScriptedObjects (5ms)
			BackupInstance (0ms)
			ReleaseScriptingObjects (0ms)
			CreateAndSetChildDomain (41ms)
		EndReloadAssembly (892ms)
			LoadAssemblies (85ms)
			RebuildTransferFunctionScriptingTraits (0ms)
			SetupTypeCache (287ms)
			ReleaseScriptCaches (1ms)
			RebuildScriptCaches (41ms)
			SetupLoadedEditorAssemblies (371ms)
				LogAssemblyErrors (0ms)
				InitializePlatformSupportModulesInManaged (7ms)
				SetLoadedEditorAssemblies (1ms)
				RefreshPlugins (0ms)
				BeforeProcessingInitializeOnLoad (88ms)
				ProcessInitializeOnLoadAttributes (266ms)
				ProcessInitializeOnLoadMethodAttributes (4ms)
				AfterProcessingInitializeOnLoad (6ms)
				EditorAssembliesLoaded (0ms)
			ExecutionOrderSort2 (0ms)
			AwakeInstancesAfterBackupRestoration (8ms)
Platform modules already initialized, skipping
Refreshing native plugins compatible for Editor in 0.37 ms, found 2 plugins.
Preloading 0 native plugins for Editor in 0.00 ms.
Unloading 1394 Unused Serialized files (Serialized files now loaded: 0)
System memory in use before: 69.6 MB.
System memory in use after: 69.7 MB.

Unloading 13 unused Assets to reduce memory usage. Loaded Objects now: 1891.
Total: 2.762500 ms (FindLiveObjects: 0.137300 ms CreateObjectMapping: 0.041100 ms MarkObjects: 2.566000 ms  DeleteObjects: 0.017000 ms)

AssetImportParameters requested are different than current active one (requested -> active):
  custom:framework-win-MediaFoundation: 216162199b28c13a410421893ffa2e32 -> 
  custom:video-decoder-ogg-theora: a1e56fd34408186e4bbccfd4996cb3dc -> 
  custom:container-muxer-webm: aa71ff27fc2769a1b78a27578f13a17b -> 
  custom:container-demuxer-webm: 4f35f7cbe854078d1ac9338744f61a02 -> 
  custom:container-demuxer-ogg: 62fdf1f143b41e24485cea50d1cbac27 -> 
  custom:video-encoder-webm-vp8: eb34c28f22e8b96e1ab97ce403110664 -> 
  custom:video-decoder-webm-vp8: 9c59270c3fd7afecdb556c50c9e8de78 -> 
  custom:audio-decoder-ogg-vorbis: bf7c407c2cedff20999df2af8eb42d56 -> 
  custom:audio-encoder-webm-vorbis: bf7c407c2cedff20999df2af8eb42d56 -> 
